<?xml version="1.0" encoding="UTF-8"?>
<!-- Generated by org.testng.reporters.JUnitReportReporter -->
<testsuite hostname="ravi" name="casestudy_pom_opencart.VerifyLogin" tests="1" failures="0" timestamp="12 Apr 2022 10:16:26 GMT" time="4.786" errors="0">
  <testcase name="TestUser" time="4.786" classname="casestudy_pom_opencart.VerifyLogin"/>
</testsuite> <!-- casestudy_pom_opencart.VerifyLogin -->
